<?xml version="1.0" encoding="UTF-8"?>
<!-- Generated by org.testng.reporters.JUnitReportReporter -->
<testsuite hostname="Kaushik-PC" name="com.seleniumpagefactory.test.TestHRA" tests="6" failures="0" timestamp="30 Jul 2020 07:57:36 GMT" time="294.671" errors="0">
  <testcase name="testHRAMessageAfterReset" time="6.164" classname="com.seleniumpagefactory.test.TestHRA"/>
  <testcase name="testHRAMessage" time="4.069" classname="com.seleniumpagefactory.test.TestHRA"/>
  <testcase name="testOpenPDF" time="19.640" classname="com.seleniumpagefactory.test.TestHRA"/>
  <testcase name="testPdfDownload" time="19.918" classname="com.seleniumpagefactory.test.TestHRA"/>
  <testcase name="testHTMLTable" time="226.090" classname="com.seleniumpagefactory.test.TestHRA"/>
  <testcase name="testHRACalculation" time="18.790" classname="com.seleniumpagefactory.test.TestHRA"/>
</testsuite> <!-- com.seleniumpagefactory.test.TestHRA -->
