<?xml version="1.0" encoding="UTF-8"?>
<!-- Generated by org.testng.reporters.JUnitReportReporter -->
<testsuite hostname="Kaushik-PC" name="com.seleniumpagefactory.test.TestHRA" tests="6" failures="0" timestamp="14 Jul 2020 11:36:42 GMT" time="295.283" errors="0">
  <testcase name="testPdfDownload" time="19.816" classname="com.seleniumpagefactory.test.TestHRA"/>
  <testcase name="testHRAMessage" time="4.107" classname="com.seleniumpagefactory.test.TestHRA"/>
  <testcase name="testOpenPDF" time="19.159" classname="com.seleniumpagefactory.test.TestHRA"/>
  <testcase name="testHRAMessageAfterReset" time="6.167" classname="com.seleniumpagefactory.test.TestHRA"/>
  <testcase name="testHTMLTable" time="227.010" classname="com.seleniumpagefactory.test.TestHRA"/>
  <testcase name="testHRACalculation" time="19.024" classname="com.seleniumpagefactory.test.TestHRA"/>
</testsuite> <!-- com.seleniumpagefactory.test.TestHRA -->
